
After push(13)
 13  

[ 13 ]


After push(7)
   7     
  /      
 13      

[ 7 13 ]


After push(14)
   7     
  / \    
 13  14  

[ 7 13 14 ]


After push(10)
       7         
     /   \       
   10      14    
  /              
 13              

[ 7 10 14 13 ]


After push(12)
       7         
     /   \       
   10      14    
  / \            
 13  12          

[ 7 10 14 13 12 ]


After push(3)
       3         
     /   \       
   10      7     
  / \     /      
 13  12  14      

[ 3 10 7 13 12 14 ]


After push(9)
       3         
     /   \       
   10      7     
  / \     / \    
 13  12  14  9   

[ 3 10 7 13 12 14 9 ]


After push(6)
            __ 3 __              
         __/       \__           
       6               7         
     /   \           /   \       
   10      12      14      9     
  /                              
 13                              

[ 3 6 7 10 12 14 9 13 ]


After push(5)
            __ 3 __              
         __/       \__           
       5               7         
     /   \           /   \       
   6       12      14      9     
  / \                            
 13  10                          

[ 3 5 7 6 12 14 9 13 10 ]


After push(4)
            __ 3 __              
         __/       \__           
       4               7         
     /   \           /   \       
   6       5       14      9     
  / \     /                      
 13  10  12                      

[ 3 4 7 6 5 14 9 13 10 12 ]


After push(0)
            __ 0 __              
         __/       \__           
       3               7         
     /   \           /   \       
   6       4       14      9     
  / \     / \                    
 13  10  12  5                   

[ 0 3 7 6 4 14 9 13 10 12 5 ]


After push(11)
            __ 0 __              
         __/       \__           
       3               7         
     /   \           /   \       
   6       4       11      9     
  / \     / \     /              
 13  10  12  5   14              

[ 0 3 7 6 4 11 9 13 10 12 5 14 ]


After push(1)
            __ 0 __              
         __/       \__           
       3               1         
     /   \           /   \       
   6       4       7       9     
  / \     / \     / \            
 13  10  12  5   14  11          

[ 0 3 1 6 4 7 9 13 10 12 5 14 11 ]


After push(8)
            __ 0 __              
         __/       \__           
       3               1         
     /   \           /   \       
   6       4       7       8     
  / \     / \     / \     /      
 13  10  12  5   14  11  9       

[ 0 3 1 6 4 7 8 13 10 12 5 14 11 9 ]


After push(2)
            __ 0 __              
         __/       \__           
       3               1         
     /   \           /   \       
   6       4       7       2     
  / \     / \     / \     / \    
 13  10  12  5   14  11  9   8   

[ 0 3 1 6 4 7 2 13 10 12 5 14 11 9 8 ]

Original Heap:
            __ 0 __              
         __/       \__           
       4               1         
     /   \           /   \       
   5       7       3       2     
  / \     / \     / \     / \    
 6   10  13  12  11  14  8   9   

[ 0 4 1 5 7 3 2 6 10 13 12 11 14 8 9 ]


After pop(0)
            __ 1 __              
         __/       \__           
       4               2         
     /   \           /   \       
   5       7       3       8     
  / \     / \     / \     /      
 6   10  13  12  11  14  9       

[ 1 4 2 5 7 3 8 6 10 13 12 11 14 9 ]


After pop(1)
            __ 2 __              
         __/       \__           
       4               3         
     /   \           /   \       
   5       7       9       8     
  / \     / \     / \            
 6   10  13  12  11  14          

[ 2 4 3 5 7 9 8 6 10 13 12 11 14 ]


After pop(2)
            __ 3 __              
         __/       \__           
       4               8         
     /   \           /   \       
   5       7       9       14    
  / \     / \     /              
 6   10  13  12  11              

[ 3 4 8 5 7 9 14 6 10 13 12 11 ]


After pop(3)
            __ 4 __              
         __/       \__           
       5               8         
     /   \           /   \       
   6       7       9       14    
  / \     / \                    
 11  10  13  12                  

[ 4 5 8 6 7 9 14 11 10 13 12 ]


After pop(4)
            __ 5 __              
         __/       \__           
       6               8         
     /   \           /   \       
   10      7       9       14    
  / \     /                      
 11  12  13                      

[ 5 6 8 10 7 9 14 11 12 13 ]


After pop(5)
            __ 6 __              
         __/       \__           
       7               8         
     /   \           /   \       
   10      13      9       14    
  / \                            
 11  12                          

[ 6 7 8 10 13 9 14 11 12 ]


After pop(6)
            __ 7 __              
         __/       \__           
       10              8         
     /   \           /   \       
   11      13      9       14    
  /                              
 12                              

[ 7 10 8 11 13 9 14 12 ]


After pop(7)
       8         
     /   \       
   10      9     
  / \     / \    
 11  13  12  14  

[ 8 10 9 11 13 12 14 ]


After pop(8)
       9         
     /   \       
   10      12    
  / \     /      
 11  13  14      

[ 9 10 12 11 13 14 ]


After pop(9)
       10        
     /   \       
   11      12    
  / \            
 14  13          

[ 10 11 12 14 13 ]


After pop(10)
       11        
     /   \       
   13      12    
  /              
 14              

[ 11 13 12 14 ]


After pop(11)
   12    
  / \    
 13  14  

[ 12 13 14 ]


After pop(12)
   13    
  /      
 14      

[ 13 14 ]


After pop(13)
 14  

[ 14 ]


After pop(14)
(empty)

[ ]

~ Original array: ~
[ 6 3 7 1 12 2 11 10 5 13 0 14 4 8 9 ]

~ After buildheap: ~
            __ 0 __              
         __/       \__           
       1               2         
     /   \           /   \       
   5       3       4       8     
  / \     / \     / \     / \    
 10  6   13  12  14  7   11  9   

[ 0 1 2 5 3 4 8 10 6 13 12 14 7 11 9 ]

~ Original array: ~
[ 5 6 13 11 1 0 9 7 8 10 4 2 12 3 ]

~ After buildheap: ~
            __ 0 __              
         __/       \__           
       1               2         
     /   \           /   \       
   7       4       5       3     
  / \     / \     / \     /      
 11  8   10  6   13  12  9       

[ 0 1 2 7 4 5 3 11 8 10 6 13 12 9 ]

