
After push(13)
 13  

[ 13 ]


After push(7)
   7     
  /      
 13      

[ 7 13 ]


After push(14)
   7     
  / \    
 13  14  

[ 7 13 14 ]


After push(10)
       7         
     /   \       
   10      14    
  /              
 13              

[ 7 10 14 13 ]


After push(12)
       7         
     /   \       
   10      14    
  / \            
 13  12          

[ 7 10 14 13 12 ]


After push(3)
       3         
     /   \       
   10      7     
  / \     /      
 13  12  14      

[ 3 10 7 13 12 14 ]


After push(9)
       3         
     /   \       
   10      7     
  / \     / \    
 13  12  14  9   

[ 3 10 7 13 12 14 9 ]


After push(6)
            __ 3 __              
         __/       \__           
       6               7         
     /   \           /   \       
   10      12      14      9     
  /                              
 13                              

[ 3 6 7 10 12 14 9 13 ]


After push(5)
            __ 3 __              
         __/       \__           
       5               7         
     /   \           /   \       
   6       12      14      9     
  / \                            
 13  10                          

[ 3 5 7 6 12 14 9 13 10 ]


After push(4)
            __ 3 __              
         __/       \__           
       4               7         
     /   \           /   \       
   6       5       14      9     
  / \     /                      
 13  10  12                      

[ 3 4 7 6 5 14 9 13 10 12 ]


After push(0)
            __ 0 __              
         __/       \__           
       3               7         
     /   \           /   \       
   6       4       14      9     
  / \     / \                    
 13  10  12  5                   

[ 0 3 7 6 4 14 9 13 10 12 5 ]


After push(11)
            __ 0 __              
         __/       \__           
       3               7         
     /   \           /   \       
   6       4       11      9     
  / \     / \     /              
 13  10  12  5   14              

[ 0 3 7 6 4 11 9 13 10 12 5 14 ]


After push(1)
            __ 0 __              
         __/       \__           
       3               1         
     /   \           /   \       
   6       4       7       9     
  / \     / \     / \            
 13  10  12  5   14  11          

[ 0 3 1 6 4 7 9 13 10 12 5 14 11 ]


After push(8)
            __ 0 __              
         __/       \__           
       3               1         
     /   \           /   \       
   6       4       7       8     
  / \     / \     / \     /      
 13  10  12  5   14  11  9       

[ 0 3 1 6 4 7 8 13 10 12 5 14 11 9 ]


After push(2)
            __ 0 __              
         __/       \__           
       3               1         
     /   \           /   \       
   6       4       7       2     
  / \     / \     / \     / \    
 13  10  12  5   14  11  9   8   

[ 0 3 1 6 4 7 2 13 10 12 5 14 11 9 8 ]

Original Heap:
            __ 0 __              
         __/       \__           
       3               1         
     /   \           /   \       
   4       7       8       2     
  / \     / \     / \     / \    
 5   12  14  11  9   10  6   13  

[ 0 3 1 4 7 8 2 5 12 14 11 9 10 6 13 ]


After pop(0)
            __ 1 __              
         __/       \__           
       3               2         
     /   \           /   \       
   4       7       8       6     
  / \     / \     / \     /      
 5   12  14  11  9   10  13      

[ 1 3 2 4 7 8 6 5 12 14 11 9 10 13 ]


After pop(1)
            __ 2 __              
         __/       \__           
       3               6         
     /   \           /   \       
   4       7       8       13    
  / \     / \     / \            
 5   12  14  11  9   10          

[ 2 3 6 4 7 8 13 5 12 14 11 9 10 ]


After pop(2)
            __ 3 __              
         __/       \__           
       4               6         
     /   \           /   \       
   5       7       8       13    
  / \     / \     /              
 10  12  14  11  9               

[ 3 4 6 5 7 8 13 10 12 14 11 9 ]


After pop(3)
            __ 4 __              
         __/       \__           
       5               6         
     /   \           /   \       
   9       7       8       13    
  / \     / \                    
 10  12  14  11                  

[ 4 5 6 9 7 8 13 10 12 14 11 ]


After pop(4)
            __ 5 __              
         __/       \__           
       7               6         
     /   \           /   \       
   9       11      8       13    
  / \     /                      
 10  12  14                      

[ 5 7 6 9 11 8 13 10 12 14 ]


After pop(5)
            __ 6 __              
         __/       \__           
       7               8         
     /   \           /   \       
   9       11      14      13    
  / \                            
 10  12                          

[ 6 7 8 9 11 14 13 10 12 ]


After pop(6)
            __ 7 __              
         __/       \__           
       9               8         
     /   \           /   \       
   10      11      14      13    
  /                              
 12                              

[ 7 9 8 10 11 14 13 12 ]


After pop(7)
       8         
     /   \       
   9       12    
  / \     / \    
 10  11  14  13  

[ 8 9 12 10 11 14 13 ]


After pop(8)
       9         
     /   \       
   10      12    
  / \     /      
 13  11  14      

[ 9 10 12 13 11 14 ]


After pop(9)
       10        
     /   \       
   11      12    
  / \            
 13  14          

[ 10 11 12 13 14 ]


After pop(10)
       11        
     /   \       
   13      12    
  /              
 14              

[ 11 13 12 14 ]


After pop(11)
   12    
  / \    
 13  14  

[ 12 13 14 ]


After pop(12)
   13    
  /      
 14      

[ 13 14 ]


After pop(13)
 14  

[ 14 ]


After pop(14)
(empty)

[ ]

~ Original array: ~
[ 6 3 7 1 12 2 11 10 5 13 0 14 4 8 9 ]

~ After buildheap: ~
            __ 0 __              
         __/       \__           
       2               1         
     /   \           /   \       
   5       3       4       6     
  / \     / \     / \     / \    
 12  13  7   14  11  8   9   10  

[ 0 2 1 5 3 4 6 12 13 7 14 11 8 9 10 ]

~ Original array: ~
[ 5 6 13 11 1 0 9 7 8 10 4 2 12 3 ]

~ After buildheap: ~
            __ 0 __              
         __/       \__           
       1               3         
     /   \           /   \       
   6       2       9       5     
  / \     / \     / \     /      
 8   10  4   13  12  11  7       

[ 0 1 3 6 2 9 5 8 10 4 13 12 11 7 ]

